# JRE version: Java(TM) SE Runtime Environment (8.0_111-b14) (build 1.8.0_111-b14)
# Java VM: Java HotSpot(TM) 64-Bit Server VM (25.111-b14 mixed mode windows-amd64 compressed oops)
Heap:
 PSYoungGen      total 29696K, used 8249K [0x00000000d5f00000, 0x00000000d8900000, 0x0000000100000000)
  eden space 28672K, 25% used [0x00000000d5f00000,0x00000000d66156d8,0x00000000d7b00000)
  from space 1024K, 97% used [0x00000000d7b80000,0x00000000d7c79010,0x00000000d7c80000)
  to   space 7168K, 0% used [0x00000000d8200000,0x00000000d8200000,0x00000000d8900000)
 ParOldGen       total 87552K, used 8179K [0x0000000081c00000, 0x0000000087180000, 0x00000000d5f00000)
  object space 87552K, 9% used [0x0000000081c00000,0x00000000823fcc08,0x0000000087180000)
 Metaspace       used 9165K, capacity 9394K, committed 9600K, reserved 1058816K
  class space    used 1042K, capacity 1125K, committed 1152K, reserved 1048576K
GC Heap History (10 events):
Event: 17.599 GC heap before
{Heap before GC invocations=9 (full 0):
 PSYoungGen      total 38400K, used 32331K [0x00000000d5f00000, 0x00000000d8c80000, 0x0000000100000000)
  eden space 31232K, 99% used [0x00000000d5f00000,0x00000000d7d79d70,0x00000000d7d80000)
  from space 7168K, 15% used [0x00000000d8500000,0x00000000d8619010,0x00000000d8c00000)
  to   space 7680K, 0% used [0x00000000d7d80000,0x00000000d7d80000,0x00000000d8500000)
 ParOldGen       total 87552K, used 8099K [0x0000000081c00000, 0x0000000087180000, 0x00000000d5f00000)
  object space 87552K, 9% used [0x0000000081c00000,0x00000000823e8c08,0x0000000087180000)
 Metaspace       used 9132K, capacity 9330K, committed 9600K, reserved 1058816K
  class space    used 1042K, capacity 1125K, committed 1152K, reserved 1048576K
Event: 17.600 GC heap after
Heap after GC invocations=9 (full 0):
 PSYoungGen      total 32256K, used 1060K [0x00000000d5f00000, 0x00000000d8c00000, 0x0000000100000000)
  eden space 30720K, 0% used [0x00000000d5f00000,0x00000000d5f00000,0x00000000d7d00000)
  from space 1536K, 69% used [0x00000000d7d80000,0x00000000d7e89010,0x00000000d7f00000)
  to   space 7680K, 0% used [0x00000000d8480000,0x00000000d8480000,0x00000000d8c00000)
 ParOldGen       total 87552K, used 8107K [0x0000000081c00000, 0x0000000087180000, 0x00000000d5f00000)
  object space 87552K, 9% used [0x0000000081c00000,0x00000000823eac08,0x0000000087180000)
 Metaspace       used 9132K, capacity 9330K, committed 9600K, reserved 1058816K
  class space    used 1042K, capacity 1125K, committed 1152K, reserved 1048576K
}
Event: 19.309 GC heap before
{Heap before GC invocations=10 (full 0):
 PSYoungGen      total 32256K, used 31359K [0x00000000d5f00000, 0x00000000d8c00000, 0x0000000100000000)
  eden space 30720K, 98% used [0x00000000d5f00000,0x00000000d7c96e58,0x00000000d7d00000)
  from space 1536K, 69% used [0x00000000d7d80000,0x00000000d7e89010,0x00000000d7f00000)
  to   space 7680K, 0% used [0x00000000d8480000,0x00000000d8480000,0x00000000d8c00000)
 ParOldGen       total 87552K, used 8107K [0x0000000081c00000, 0x0000000087180000, 0x00000000d5f00000)
  object space 87552K, 9% used [0x0000000081c00000,0x00000000823eac08,0x0000000087180000)
 Metaspace       used 9132K, capacity 9330K, committed 9600K, reserved 1058816K
  class space    used 1042K, capacity 1125K, committed 1152K, reserved 1048576K
Event: 19.309 GC heap after
Heap after GC invocations=10 (full 0):
 PSYoungGen      total 37376K, used 96K [0x00000000d5f00000, 0x00000000d8b80000, 0x0000000100000000)
  eden space 30208K, 0% used [0x00000000d5f00000,0x00000000d5f00000,0x00000000d7c80000)
  from space 7168K, 1% used [0x00000000d8480000,0x00000000d8498000,0x00000000d8b80000)
  to   space 7680K, 0% used [0x00000000d7c80000,0x00000000d7c80000,0x00000000d8400000)
 ParOldGen       total 87552K, used 8131K [0x0000000081c00000, 0x0000000087180000, 0x00000000d5f00000)
  object space 87552K, 9% used [0x0000000081c00000,0x00000000823f0c08,0x0000000087180000)
 Metaspace       used 9132K, capacity 9330K, committed 9600K, reserved 1058816K
  class space    used 1042K, capacity 1125K, committed 1152K, reserved 1048576K
}
Event: 20.908 GC heap before
{Heap before GC invocations=11 (full 0):
 PSYoungGen      total 37376K, used 29835K [0x00000000d5f00000, 0x00000000d8b80000, 0x0000000100000000)
  eden space 30208K, 98% used [0x00000000d5f00000,0x00000000d7c0aed8,0x00000000d7c80000)
  from space 7168K, 1% used [0x00000000d8480000,0x00000000d8498000,0x00000000d8b80000)
  to   space 7680K, 0% used [0x00000000d7c80000,0x00000000d7c80000,0x00000000d8400000)
 ParOldGen       total 87552K, used 8131K [0x0000000081c00000, 0x0000000087180000, 0x00000000d5f00000)
  object space 87552K, 9% used [0x0000000081c00000,0x00000000823f0c08,0x0000000087180000)
 Metaspace       used 9139K, capacity 9394K, committed 9600K, reserved 1058816K
  class space    used 1042K, capacity 1125K, committed 1152K, reserved 1048576K
Event: 20.909 GC heap after
Heap after GC invocations=11 (full 0):
 PSYoungGen      total 30208K, used 128K [0x00000000d5f00000, 0x00000000d8b00000, 0x0000000100000000)
  eden space 29696K, 0% used [0x00000000d5f00000,0x00000000d5f00000,0x00000000d7c00000)
  from space 512K, 25% used [0x00000000d7c80000,0x00000000d7ca0000,0x00000000d7d00000)
  to   space 7680K, 0% used [0x00000000d8380000,0x00000000d8380000,0x00000000d8b00000)
 ParOldGen       total 87552K, used 8147K [0x0000000081c00000, 0x0000000087180000, 0x00000000d5f00000)
  object space 87552K, 9% used [0x0000000081c00000,0x00000000823f4c08,0x0000000087180000)
 Metaspace       used 9139K, capacity 9394K, committed 9600K, reserved 1058816K
  class space    used 1042K, capacity 1125K, committed 1152K, reserved 1048576K
}
Event: 22.524 GC heap before
{Heap before GC invocations=12 (full 0):
 PSYoungGen      total 30208K, used 29730K [0x00000000d5f00000, 0x00000000d8b00000, 0x0000000100000000)
  eden space 29696K, 99% used [0x00000000d5f00000,0x00000000d7be88d8,0x00000000d7c00000)
  from space 512K, 25% used [0x00000000d7c80000,0x00000000d7ca0000,0x00000000d7d00000)
  to   space 7680K, 0% used [0x00000000d8380000,0x00000000d8380000,0x00000000d8b00000)
 ParOldGen       total 87552K, used 8147K [0x0000000081c00000, 0x0000000087180000, 0x00000000d5f00000)
  object space 87552K, 9% used [0x0000000081c00000,0x00000000823f4c08,0x0000000087180000)
 Metaspace       used 9160K, capacity 9394K, committed 9600K, reserved 1058816K
  class space    used 1042K, capacity 1125K, committed 1152K, reserved 1048576K
Event: 22.525 GC heap after
Heap after GC invocations=12 (full 0):
 PSYoungGen      total 36352K, used 160K [0x00000000d5f00000, 0x00000000d8a80000, 0x0000000100000000)
  eden space 29184K, 0% used [0x00000000d5f00000,0x00000000d5f00000,0x00000000d7b80000)
  from space 7168K, 2% used [0x00000000d8380000,0x00000000d83a8000,0x00000000d8a80000)
  to   space 7680K, 0% used [0x00000000d7b80000,0x00000000d7b80000,0x00000000d8300000)
 ParOldGen       total 87552K, used 8163K [0x0000000081c00000, 0x0000000087180000, 0x00000000d5f00000)
  object space 87552K, 9% used [0x0000000081c00000,0x00000000823f8c08,0x0000000087180000)
 Metaspace       used 9160K, capacity 9394K, committed 9600K, reserved 1058816K
  class space    used 1042K, capacity 1125K, committed 1152K, reserved 1048576K
}
Event: 24.027 GC heap before
{Heap before GC invocations=13 (full 0):
 PSYoungGen      total 36352K, used 28629K [0x00000000d5f00000, 0x00000000d8a80000, 0x0000000100000000)
  eden space 29184K, 97% used [0x00000000d5f00000,0x00000000d7acd508,0x00000000d7b80000)
  from space 7168K, 2% used [0x00000000d8380000,0x00000000d83a8000,0x00000000d8a80000)
  to   space 7680K, 0% used [0x00000000d7b80000,0x00000000d7b80000,0x00000000d8300000)
 ParOldGen       total 87552K, used 8163K [0x0000000081c00000, 0x0000000087180000, 0x00000000d5f00000)
  object space 87552K, 9% used [0x0000000081c00000,0x00000000823f8c08,0x0000000087180000)
 Metaspace       used 9164K, capacity 9394K, committed 9600K, reserved 1058816K
  class space    used 1042K, capacity 1125K, committed 1152K, reserved 1048576K
Event: 24.028 GC heap after
Heap after GC invocations=13 (full 0):
 PSYoungGen      total 29696K, used 996K [0x00000000d5f00000, 0x00000000d8900000, 0x0000000100000000)
  eden space 28672K, 0% used [0x00000000d5f00000,0x00000000d5f00000,0x00000000d7b00000)
  from space 1024K, 97% used [0x00000000d7b80000,0x00000000d7c79010,0x00000000d7c80000)
  to   space 7168K, 0% used [0x00000000d8200000,0x00000000d8200000,0x00000000d8900000)
 ParOldGen       total 87552K, used 8179K [0x0000000081c00000, 0x0000000087180000, 0x00000000d5f00000)
  object space 87552K, 9% used [0x0000000081c00000,0x00000000823fcc08,0x0000000087180000)
 Metaspace       used 9164K, capacity 9394K, committed 9600K, reserved 1058816K
  class space    used 1042K, capacity 1125K, committed 1152K, reserved 1048576K
}

