# JRE version: Java(TM) SE Runtime Environment (8.0_111-b14) (build 1.8.0_111-b14)
# Java VM: Java HotSpot(TM) 64-Bit Server VM (25.111-b14 mixed mode windows-amd64 compressed oops)
Heap:
 PSYoungGen      total 35328K, used 23520K [0x00000000d5f00000, 0x00000000d8880000, 0x0000000100000000)
  eden space 29184K, 76% used [0x00000000d5f00000,0x00000000d74ef220,0x00000000d7b80000)
  from space 6144K, 17% used [0x00000000d8280000,0x00000000d8389010,0x00000000d8880000)
  to   space 6656K, 0% used [0x00000000d7b80000,0x00000000d7b80000,0x00000000d8200000)
 ParOldGen       total 87552K, used 8103K [0x0000000081c00000, 0x0000000087180000, 0x00000000d5f00000)
  object space 87552K, 9% used [0x0000000081c00000,0x00000000823e9f30,0x0000000087180000)
 Metaspace       used 8893K, capacity 9134K, committed 9344K, reserved 1056768K
  class space    used 1033K, capacity 1125K, committed 1152K, reserved 1048576K
GC Heap History (10 events):
Event: 17.955 GC heap before
{Heap before GC invocations=8 (full 0):
 PSYoungGen      total 37376K, used 31585K [0x00000000d5f00000, 0x00000000d8b00000, 0x0000000100000000)
  eden space 31744K, 98% used [0x00000000d5f00000,0x00000000d7db04e8,0x00000000d7e00000)
  from space 5632K, 2% used [0x00000000d7e80000,0x00000000d7ea8000,0x00000000d8400000)
  to   space 6656K, 0% used [0x00000000d8480000,0x00000000d8480000,0x00000000d8b00000)
 ParOldGen       total 87552K, used 8047K [0x0000000081c00000, 0x0000000087180000, 0x00000000d5f00000)
  object space 87552K, 9% used [0x0000000081c00000,0x00000000823dbf30,0x0000000087180000)
 Metaspace       used 8864K, capacity 9070K, committed 9344K, reserved 1056768K
  class space    used 1030K, capacity 1125K, committed 1152K, reserved 1048576K
Event: 17.958 GC heap after
Heap after GC invocations=8 (full 0):
 PSYoungGen      total 37376K, used 128K [0x00000000d5f00000, 0x00000000d8a80000, 0x0000000100000000)
  eden space 31232K, 0% used [0x00000000d5f00000,0x00000000d5f00000,0x00000000d7d80000)
  from space 6144K, 2% used [0x00000000d8480000,0x00000000d84a0000,0x00000000d8a80000)
  to   space 6656K, 0% used [0x00000000d7d80000,0x00000000d7d80000,0x00000000d8400000)
 ParOldGen       total 87552K, used 8055K [0x0000000081c00000, 0x0000000087180000, 0x00000000d5f00000)
  object space 87552K, 9% used [0x0000000081c00000,0x00000000823ddf30,0x0000000087180000)
 Metaspace       used 8864K, capacity 9070K, committed 9344K, reserved 1056768K
  class space    used 1030K, capacity 1125K, committed 1152K, reserved 1048576K
}
Event: 19.667 GC heap before
{Heap before GC invocations=9 (full 0):
 PSYoungGen      total 37376K, used 31337K [0x00000000d5f00000, 0x00000000d8a80000, 0x0000000100000000)
  eden space 31232K, 99% used [0x00000000d5f00000,0x00000000d7d7a440,0x00000000d7d80000)
  from space 6144K, 2% used [0x00000000d8480000,0x00000000d84a0000,0x00000000d8a80000)
  to   space 6656K, 0% used [0x00000000d7d80000,0x00000000d7d80000,0x00000000d8400000)
 ParOldGen       total 87552K, used 8055K [0x0000000081c00000, 0x0000000087180000, 0x00000000d5f00000)
  object space 87552K, 9% used [0x0000000081c00000,0x00000000823ddf30,0x0000000087180000)
 Metaspace       used 8864K, capacity 9070K, committed 9344K, reserved 1056768K
  class space    used 1030K, capacity 1125K, committed 1152K, reserved 1048576K
Event: 19.668 GC heap after
Heap after GC invocations=9 (full 0):
 PSYoungGen      total 37376K, used 128K [0x00000000d5f00000, 0x00000000d8b00000, 0x0000000100000000)
  eden space 30720K, 0% used [0x00000000d5f00000,0x00000000d5f00000,0x00000000d7d00000)
  from space 6656K, 1% used [0x00000000d7d80000,0x00000000d7da0000,0x00000000d8400000)
  to   space 7168K, 0% used [0x00000000d8400000,0x00000000d8400000,0x00000000d8b00000)
 ParOldGen       total 87552K, used 8071K [0x0000000081c00000, 0x0000000087180000, 0x00000000d5f00000)
  object space 87552K, 9% used [0x0000000081c00000,0x00000000823e1f30,0x0000000087180000)
 Metaspace       used 8864K, capacity 9070K, committed 9344K, reserved 1056768K
  class space    used 1030K, capacity 1125K, committed 1152K, reserved 1048576K
}
Event: 21.283 GC heap before
{Heap before GC invocations=10 (full 0):
 PSYoungGen      total 37376K, used 30428K [0x00000000d5f00000, 0x00000000d8b00000, 0x0000000100000000)
  eden space 30720K, 98% used [0x00000000d5f00000,0x00000000d7c97278,0x00000000d7d00000)
  from space 6656K, 1% used [0x00000000d7d80000,0x00000000d7da0000,0x00000000d8400000)
  to   space 7168K, 0% used [0x00000000d8400000,0x00000000d8400000,0x00000000d8b00000)
 ParOldGen       total 87552K, used 8071K [0x0000000081c00000, 0x0000000087180000, 0x00000000d5f00000)
  object space 87552K, 9% used [0x0000000081c00000,0x00000000823e1f30,0x0000000087180000)
 Metaspace       used 8864K, capacity 9070K, committed 9344K, reserved 1056768K
  class space    used 1030K, capacity 1125K, committed 1152K, reserved 1048576K
Event: 21.286 GC heap after
Heap after GC invocations=10 (full 0):
 PSYoungGen      total 35840K, used 1028K [0x00000000d5f00000, 0x00000000d8980000, 0x0000000100000000)
  eden space 30208K, 0% used [0x00000000d5f00000,0x00000000d5f00000,0x00000000d7c80000)
  from space 5632K, 18% used [0x00000000d8400000,0x00000000d8501010,0x00000000d8980000)
  to   space 6656K, 0% used [0x00000000d7c80000,0x00000000d7c80000,0x00000000d8300000)
 ParOldGen       total 87552K, used 8079K [0x0000000081c00000, 0x0000000087180000, 0x00000000d5f00000)
  object space 87552K, 9% used [0x0000000081c00000,0x00000000823e3f30,0x0000000087180000)
 Metaspace       used 8864K, capacity 9070K, committed 9344K, reserved 1056768K
  class space    used 1030K, capacity 1125K, committed 1152K, reserved 1048576K
}
Event: 22.883 GC heap before
{Heap before GC invocations=11 (full 0):
 PSYoungGen      total 35840K, used 30547K [0x00000000d5f00000, 0x00000000d8980000, 0x0000000100000000)
  eden space 30208K, 97% used [0x00000000d5f00000,0x00000000d7bd3c88,0x00000000d7c80000)
  from space 5632K, 18% used [0x00000000d8400000,0x00000000d8501010,0x00000000d8980000)
  to   space 6656K, 0% used [0x00000000d7c80000,0x00000000d7c80000,0x00000000d8300000)
 ParOldGen       total 87552K, used 8079K [0x0000000081c00000, 0x0000000087180000, 0x00000000d5f00000)
  object space 87552K, 9% used [0x0000000081c00000,0x00000000823e3f30,0x0000000087180000)
 Metaspace       used 8870K, capacity 9070K, committed 9344K, reserved 1056768K
  class space    used 1030K, capacity 1125K, committed 1152K, reserved 1048576K
Event: 22.885 GC heap after
Heap after GC invocations=11 (full 0):
 PSYoungGen      total 31232K, used 1060K [0x00000000d5f00000, 0x00000000d8900000, 0x0000000100000000)
  eden space 29696K, 0% used [0x00000000d5f00000,0x00000000d5f00000,0x00000000d7c00000)
  from space 1536K, 69% used [0x00000000d7c80000,0x00000000d7d89010,0x00000000d7e00000)
  to   space 6656K, 0% used [0x00000000d8280000,0x00000000d8280000,0x00000000d8900000)
 ParOldGen       total 87552K, used 8087K [0x0000000081c00000, 0x0000000087180000, 0x00000000d5f00000)
  object space 87552K, 9% used [0x0000000081c00000,0x00000000823e5f30,0x0000000087180000)
 Metaspace       used 8870K, capacity 9070K, committed 9344K, reserved 1056768K
  class space    used 1030K, capacity 1125K, committed 1152K, reserved 1048576K
}
Event: 24.499 GC heap before
{Heap before GC invocations=12 (full 0):
 PSYoungGen      total 31232K, used 30441K [0x00000000d5f00000, 0x00000000d8900000, 0x0000000100000000)
  eden space 29696K, 98% used [0x00000000d5f00000,0x00000000d7bb1478,0x00000000d7c00000)
  from space 1536K, 69% used [0x00000000d7c80000,0x00000000d7d89010,0x00000000d7e00000)
  to   space 6656K, 0% used [0x00000000d8280000,0x00000000d8280000,0x00000000d8900000)
 ParOldGen       total 87552K, used 8087K [0x0000000081c00000, 0x0000000087180000, 0x00000000d5f00000)
  object space 87552K, 9% used [0x0000000081c00000,0x00000000823e5f30,0x0000000087180000)
 Metaspace       used 8871K, capacity 9070K, committed 9344K, reserved 1056768K
  class space    used 1030K, capacity 1125K, committed 1152K, reserved 1048576K
Event: 24.501 GC heap after
Heap after GC invocations=12 (full 0):
 PSYoungGen      total 35328K, used 1060K [0x00000000d5f00000, 0x00000000d8880000, 0x0000000100000000)
  eden space 29184K, 0% used [0x00000000d5f00000,0x00000000d5f00000,0x00000000d7b80000)
  from space 6144K, 17% used [0x00000000d8280000,0x00000000d8389010,0x00000000d8880000)
  to   space 6656K, 0% used [0x00000000d7b80000,0x00000000d7b80000,0x00000000d8200000)
 ParOldGen       total 87552K, used 8103K [0x0000000081c00000, 0x0000000087180000, 0x00000000d5f00000)
  object space 87552K, 9% used [0x0000000081c00000,0x00000000823e9f30,0x0000000087180000)
 Metaspace       used 8871K, capacity 9070K, committed 9344K, reserved 1056768K
  class space    used 1030K, capacity 1125K, committed 1152K, reserved 1048576K
}

