# JRE version: Java(TM) SE Runtime Environment (8.0_111-b14) (build 1.8.0_111-b14)
# Java VM: Java HotSpot(TM) 64-Bit Server VM (25.111-b14 mixed mode windows-amd64 compressed oops)
Heap:
 PSYoungGen      total 32256K, used 19477K [0x00000000d5f00000, 0x00000000d8c00000, 0x0000000100000000)
  eden space 30720K, 59% used [0x00000000d5f00000,0x00000000d70fc4e0,0x00000000d7d00000)
  from space 1536K, 69% used [0x00000000d7d80000,0x00000000d7e89010,0x00000000d7f00000)
  to   space 7680K, 0% used [0x00000000d8480000,0x00000000d8480000,0x00000000d8c00000)
 ParOldGen       total 87552K, used 8240K [0x0000000081c00000, 0x0000000087180000, 0x00000000d5f00000)
  object space 87552K, 9% used [0x0000000081c00000,0x000000008240c3e0,0x0000000087180000)
 Metaspace       used 9111K, capacity 9326K, committed 9600K, reserved 1058816K
  class space    used 1040K, capacity 1125K, committed 1152K, reserved 1048576K
GC Heap History (10 events):
Event: 10.776 GC heap before
{Heap before GC invocations=5 (full 0):
 PSYoungGen      total 38400K, used 36001K [0x00000000d5f00000, 0x00000000d8980000, 0x0000000100000000)
  eden space 33280K, 99% used [0x00000000d5f00000,0x00000000d7f79960,0x00000000d7f80000)
  from space 5120K, 53% used [0x00000000d8480000,0x00000000d872ed88,0x00000000d8980000)
  to   space 5120K, 0% used [0x00000000d7f80000,0x00000000d7f80000,0x00000000d8480000)
 ParOldGen       total 87552K, used 2820K [0x0000000081c00000, 0x0000000087180000, 0x00000000d5f00000)
  object space 87552K, 3% used [0x0000000081c00000,0x0000000081ec1010,0x0000000087180000)
 Metaspace       used 9079K, capacity 9262K, committed 9344K, reserved 1056768K
  class space    used 1040K, capacity 1125K, committed 1152K, reserved 1048576K
Event: 10.778 GC heap after
Heap after GC invocations=5 (full 0):
 PSYoungGen      total 37888K, used 2779K [0x00000000d5f00000, 0x00000000d8e00000, 0x0000000100000000)
  eden space 32768K, 0% used [0x00000000d5f00000,0x00000000d5f00000,0x00000000d7f00000)
  from space 5120K, 54% used [0x00000000d7f80000,0x00000000d8236d88,0x00000000d8480000)
  to   space 7680K, 0% used [0x00000000d8680000,0x00000000d8680000,0x00000000d8e00000)
 ParOldGen       total 87552K, used 2828K [0x0000000081c00000, 0x0000000087180000, 0x00000000d5f00000)
  object space 87552K, 3% used [0x0000000081c00000,0x0000000081ec3010,0x0000000087180000)
 Metaspace       used 9079K, capacity 9262K, committed 9344K, reserved 1056768K
  class space    used 1040K, capacity 1125K, committed 1152K, reserved 1048576K
}
Event: 12.488 GC heap before
{Heap before GC invocations=6 (full 0):
 PSYoungGen      total 37888K, used 34911K [0x00000000d5f00000, 0x00000000d8e00000, 0x0000000100000000)
  eden space 32768K, 98% used [0x00000000d5f00000,0x00000000d7e61108,0x00000000d7f00000)
  from space 5120K, 54% used [0x00000000d7f80000,0x00000000d8236d88,0x00000000d8480000)
  to   space 7680K, 0% used [0x00000000d8680000,0x00000000d8680000,0x00000000d8e00000)
 ParOldGen       total 87552K, used 2828K [0x0000000081c00000, 0x0000000087180000, 0x00000000d5f00000)
  object space 87552K, 3% used [0x0000000081c00000,0x0000000081ec3010,0x0000000087180000)
 Metaspace       used 9082K, capacity 9262K, committed 9344K, reserved 1056768K
  class space    used 1040K, capacity 1125K, committed 1152K, reserved 1048576K
Event: 12.490 GC heap after
Heap after GC invocations=6 (full 0):
 PSYoungGen      total 38400K, used 3679K [0x00000000d5f00000, 0x00000000d8c80000, 0x0000000100000000)
  eden space 32256K, 0% used [0x00000000d5f00000,0x00000000d5f00000,0x00000000d7e80000)
  from space 6144K, 59% used [0x00000000d8680000,0x00000000d8a17d98,0x00000000d8c80000)
  to   space 7168K, 0% used [0x00000000d7e80000,0x00000000d7e80000,0x00000000d8580000)
 ParOldGen       total 87552K, used 2836K [0x0000000081c00000, 0x0000000087180000, 0x00000000d5f00000)
  object space 87552K, 3% used [0x0000000081c00000,0x0000000081ec5010,0x0000000087180000)
 Metaspace       used 9082K, capacity 9262K, committed 9344K, reserved 1056768K
  class space    used 1040K, capacity 1125K, committed 1152K, reserved 1048576K
}
Event: 14.291 GC heap before
{Heap before GC invocations=7 (full 0):
 PSYoungGen      total 38400K, used 35935K [0x00000000d5f00000, 0x00000000d8c80000, 0x0000000100000000)
  eden space 32256K, 100% used [0x00000000d5f00000,0x00000000d7e80000,0x00000000d7e80000)
  from space 6144K, 59% used [0x00000000d8680000,0x00000000d8a17d98,0x00000000d8c80000)
  to   space 7168K, 0% used [0x00000000d7e80000,0x00000000d7e80000,0x00000000d8580000)
 ParOldGen       total 87552K, used 2836K [0x0000000081c00000, 0x0000000087180000, 0x00000000d5f00000)
  object space 87552K, 3% used [0x0000000081c00000,0x0000000081ec5010,0x0000000087180000)
 Metaspace       used 9084K, capacity 9262K, committed 9344K, reserved 1056768K
  class space    used 1040K, capacity 1125K, committed 1152K, reserved 1048576K
Event: 14.293 GC heap after
Heap after GC invocations=7 (full 0):
 PSYoungGen      total 38912K, used 128K [0x00000000d5f00000, 0x00000000d8d00000, 0x0000000100000000)
  eden space 31744K, 0% used [0x00000000d5f00000,0x00000000d5f00000,0x00000000d7e00000)
  from space 7168K, 1% used [0x00000000d7e80000,0x00000000d7ea0000,0x00000000d8580000)
  to   space 7680K, 0% used [0x00000000d8580000,0x00000000d8580000,0x00000000d8d00000)
 ParOldGen       total 87552K, used 8224K [0x0000000081c00000, 0x0000000087180000, 0x00000000d5f00000)
  object space 87552K, 9% used [0x0000000081c00000,0x00000000824083e0,0x0000000087180000)
 Metaspace       used 9084K, capacity 9262K, committed 9344K, reserved 1056768K
  class space    used 1040K, capacity 1125K, committed 1152K, reserved 1048576K
}
Event: 16.005 GC heap before
{Heap before GC invocations=8 (full 0):
 PSYoungGen      total 38912K, used 31346K [0x00000000d5f00000, 0x00000000d8d00000, 0x0000000100000000)
  eden space 31744K, 98% used [0x00000000d5f00000,0x00000000d7d7c878,0x00000000d7e00000)
  from space 7168K, 1% used [0x00000000d7e80000,0x00000000d7ea0000,0x00000000d8580000)
  to   space 7680K, 0% used [0x00000000d8580000,0x00000000d8580000,0x00000000d8d00000)
 ParOldGen       total 87552K, used 8224K [0x0000000081c00000, 0x0000000087180000, 0x00000000d5f00000)
  object space 87552K, 9% used [0x0000000081c00000,0x00000000824083e0,0x0000000087180000)
 Metaspace       used 9089K, capacity 9262K, committed 9344K, reserved 1056768K
  class space    used 1040K, capacity 1125K, committed 1152K, reserved 1048576K
Event: 16.006 GC heap after
Heap after GC invocations=8 (full 0):
 PSYoungGen      total 38400K, used 160K [0x00000000d5f00000, 0x00000000d8c80000, 0x0000000100000000)
  eden space 31232K, 0% used [0x00000000d5f00000,0x00000000d5f00000,0x00000000d7d80000)
  from space 7168K, 2% used [0x00000000d8580000,0x00000000d85a8000,0x00000000d8c80000)
  to   space 7680K, 0% used [0x00000000d7d80000,0x00000000d7d80000,0x00000000d8500000)
 ParOldGen       total 87552K, used 8232K [0x0000000081c00000, 0x0000000087180000, 0x00000000d5f00000)
  object space 87552K, 9% used [0x0000000081c00000,0x000000008240a3e0,0x0000000087180000)
 Metaspace       used 9089K, capacity 9262K, committed 9344K, reserved 1056768K
  class space    used 1040K, capacity 1125K, committed 1152K, reserved 1048576K
}
Event: 17.601 GC heap before
{Heap before GC invocations=9 (full 0):
 PSYoungGen      total 38400K, used 31203K [0x00000000d5f00000, 0x00000000d8c80000, 0x0000000100000000)
  eden space 31232K, 99% used [0x00000000d5f00000,0x00000000d7d50de8,0x00000000d7d80000)
  from space 7168K, 2% used [0x00000000d8580000,0x00000000d85a8000,0x00000000d8c80000)
  to   space 7680K, 0% used [0x00000000d7d80000,0x00000000d7d80000,0x00000000d8500000)
 ParOldGen       total 87552K, used 8232K [0x0000000081c00000, 0x0000000087180000, 0x00000000d5f00000)
  object space 87552K, 9% used [0x0000000081c00000,0x000000008240a3e0,0x0000000087180000)
 Metaspace       used 9104K, capacity 9326K, committed 9600K, reserved 1058816K
  class space    used 1040K, capacity 1125K, committed 1152K, reserved 1048576K
Event: 17.602 GC heap after
Heap after GC invocations=9 (full 0):
 PSYoungGen      total 32256K, used 1060K [0x00000000d5f00000, 0x00000000d8c00000, 0x0000000100000000)
  eden space 30720K, 0% used [0x00000000d5f00000,0x00000000d5f00000,0x00000000d7d00000)
  from space 1536K, 69% used [0x00000000d7d80000,0x00000000d7e89010,0x00000000d7f00000)
  to   space 7680K, 0% used [0x00000000d8480000,0x00000000d8480000,0x00000000d8c00000)
 ParOldGen       total 87552K, used 8240K [0x0000000081c00000, 0x0000000087180000, 0x00000000d5f00000)
  object space 87552K, 9% used [0x0000000081c00000,0x000000008240c3e0,0x0000000087180000)
 Metaspace       used 9104K, capacity 9326K, committed 9600K, reserved 1058816K
  class space    used 1040K, capacity 1125K, committed 1152K, reserved 1048576K
}

