# JRE version: Java(TM) SE Runtime Environment (8.0_111-b14) (build 1.8.0_111-b14)
# Java VM: Java HotSpot(TM) 64-Bit Server VM (25.111-b14 mixed mode windows-amd64 compressed oops)
Heap:
 PSYoungGen      total 38400K, used 10287K [0x00000000d5f00000, 0x00000000d8c00000, 0x0000000100000000)
  eden space 31744K, 31% used [0x00000000d5f00000,0x00000000d68dbdf0,0x00000000d7e00000)
  from space 6656K, 2% used [0x00000000d7e80000,0x00000000d7eb0000,0x00000000d8500000)
  to   space 7168K, 0% used [0x00000000d8500000,0x00000000d8500000,0x00000000d8c00000)
 ParOldGen       total 87552K, used 8086K [0x0000000081c00000, 0x0000000087180000, 0x00000000d5f00000)
  object space 87552K, 9% used [0x0000000081c00000,0x00000000823e5bf8,0x0000000087180000)
 Metaspace       used 9142K, capacity 9330K, committed 9600K, reserved 1058816K
  class space    used 1041K, capacity 1125K, committed 1152K, reserved 1048576K
GC Heap History (10 events):
Event: 7.002 GC heap before
{Heap before GC invocations=3 (full 0):
 PSYoungGen      total 38400K, used 37672K [0x00000000d5f00000, 0x00000000d8980000, 0x0000000100000000)
  eden space 33280K, 97% used [0x00000000d5f00000,0x00000000d7ecd0e8,0x00000000d7f80000)
  from space 5120K, 99% used [0x00000000d8480000,0x00000000d897d0a8,0x00000000d8980000)
  to   space 5120K, 0% used [0x00000000d7f80000,0x00000000d7f80000,0x00000000d8480000)
 ParOldGen       total 87552K, used 1601K [0x0000000081c00000, 0x0000000087180000, 0x00000000d5f00000)
  object space 87552K, 1% used [0x0000000081c00000,0x0000000081d90588,0x0000000087180000)
 Metaspace       used 9083K, capacity 9266K, committed 9344K, reserved 1056768K
  class space    used 1041K, capacity 1125K, committed 1152K, reserved 1048576K
Event: 7.004 GC heap after
Heap after GC invocations=3 (full 0):
 PSYoungGen      total 38400K, used 4822K [0x00000000d5f00000, 0x00000000d8980000, 0x0000000100000000)
  eden space 33280K, 0% used [0x00000000d5f00000,0x00000000d5f00000,0x00000000d7f80000)
  from space 5120K, 94% used [0x00000000d7f80000,0x00000000d8435b30,0x00000000d8480000)
  to   space 5120K, 0% used [0x00000000d8480000,0x00000000d8480000,0x00000000d8980000)
 ParOldGen       total 87552K, used 2946K [0x0000000081c00000, 0x0000000087180000, 0x00000000d5f00000)
  object space 87552K, 3% used [0x0000000081c00000,0x0000000081ee0b10,0x0000000087180000)
 Metaspace       used 9083K, capacity 9266K, committed 9344K, reserved 1056768K
  class space    used 1041K, capacity 1125K, committed 1152K, reserved 1048576K
}
Event: 8.812 GC heap before
{Heap before GC invocations=4 (full 0):
 PSYoungGen      total 38400K, used 37847K [0x00000000d5f00000, 0x00000000d8980000, 0x0000000100000000)
  eden space 33280K, 99% used [0x00000000d5f00000,0x00000000d7f403b8,0x00000000d7f80000)
  from space 5120K, 94% used [0x00000000d7f80000,0x00000000d8435b30,0x00000000d8480000)
  to   space 5120K, 0% used [0x00000000d8480000,0x00000000d8480000,0x00000000d8980000)
 ParOldGen       total 87552K, used 2946K [0x0000000081c00000, 0x0000000087180000, 0x00000000d5f00000)
  object space 87552K, 3% used [0x0000000081c00000,0x0000000081ee0b10,0x0000000087180000)
 Metaspace       used 9089K, capacity 9266K, committed 9344K, reserved 1056768K
  class space    used 1041K, capacity 1125K, committed 1152K, reserved 1048576K
Event: 8.814 GC heap after
Heap after GC invocations=4 (full 0):
 PSYoungGen      total 38400K, used 3365K [0x00000000d5f00000, 0x00000000d8980000, 0x0000000100000000)
  eden space 33280K, 0% used [0x00000000d5f00000,0x00000000d5f00000,0x00000000d7f80000)
  from space 5120K, 65% used [0x00000000d8480000,0x00000000d87c9598,0x00000000d8980000)
  to   space 5120K, 0% used [0x00000000d7f80000,0x00000000d7f80000,0x00000000d8480000)
 ParOldGen       total 87552K, used 2954K [0x0000000081c00000, 0x0000000087180000, 0x00000000d5f00000)
  object space 87552K, 3% used [0x0000000081c00000,0x0000000081ee2b10,0x0000000087180000)
 Metaspace       used 9089K, capacity 9266K, committed 9344K, reserved 1056768K
  class space    used 1041K, capacity 1125K, committed 1152K, reserved 1048576K
}
Event: 10.620 GC heap before
{Heap before GC invocations=5 (full 0):
 PSYoungGen      total 38400K, used 36616K [0x00000000d5f00000, 0x00000000d8980000, 0x0000000100000000)
  eden space 33280K, 99% used [0x00000000d5f00000,0x00000000d7f78e18,0x00000000d7f80000)
  from space 5120K, 65% used [0x00000000d8480000,0x00000000d87c9598,0x00000000d8980000)
  to   space 5120K, 0% used [0x00000000d7f80000,0x00000000d7f80000,0x00000000d8480000)
 ParOldGen       total 87552K, used 2954K [0x0000000081c00000, 0x0000000087180000, 0x00000000d5f00000)
  object space 87552K, 3% used [0x0000000081c00000,0x0000000081ee2b10,0x0000000087180000)
 Metaspace       used 9111K, capacity 9266K, committed 9344K, reserved 1056768K
  class space    used 1041K, capacity 1125K, committed 1152K, reserved 1048576K
Event: 10.621 GC heap after
Heap after GC invocations=5 (full 0):
 PSYoungGen      total 37888K, used 3445K [0x00000000d5f00000, 0x00000000d8b00000, 0x0000000100000000)
  eden space 32768K, 0% used [0x00000000d5f00000,0x00000000d5f00000,0x00000000d7f00000)
  from space 5120K, 67% used [0x00000000d7f80000,0x00000000d82dd5a8,0x00000000d8480000)
  to   space 6144K, 0% used [0x00000000d8500000,0x00000000d8500000,0x00000000d8b00000)
 ParOldGen       total 87552K, used 2962K [0x0000000081c00000, 0x0000000087180000, 0x00000000d5f00000)
  object space 87552K, 3% used [0x0000000081c00000,0x0000000081ee4b10,0x0000000087180000)
 Metaspace       used 9111K, capacity 9266K, committed 9344K, reserved 1056768K
  class space    used 1041K, capacity 1125K, committed 1152K, reserved 1048576K
}
Event: 12.427 GC heap before
{Heap before GC invocations=6 (full 0):
 PSYoungGen      total 37888K, used 35575K [0x00000000d5f00000, 0x00000000d8b00000, 0x0000000100000000)
  eden space 32768K, 98% used [0x00000000d5f00000,0x00000000d7e609b8,0x00000000d7f00000)
  from space 5120K, 67% used [0x00000000d7f80000,0x00000000d82dd5a8,0x00000000d8480000)
  to   space 6144K, 0% used [0x00000000d8500000,0x00000000d8500000,0x00000000d8b00000)
 ParOldGen       total 87552K, used 2962K [0x0000000081c00000, 0x0000000087180000, 0x00000000d5f00000)
  object space 87552K, 3% used [0x0000000081c00000,0x0000000081ee4b10,0x0000000087180000)
 Metaspace       used 9111K, capacity 9266K, committed 9344K, reserved 1056768K
  class space    used 1041K, capacity 1125K, committed 1152K, reserved 1048576K
Event: 12.429 GC heap after
Heap after GC invocations=6 (full 0):
 PSYoungGen      total 38400K, used 2513K [0x00000000d5f00000, 0x00000000d8b80000, 0x0000000100000000)
  eden space 32256K, 0% used [0x00000000d5f00000,0x00000000d5f00000,0x00000000d7e80000)
  from space 6144K, 40% used [0x00000000d8500000,0x00000000d8774598,0x00000000d8b00000)
  to   space 6656K, 0% used [0x00000000d7e80000,0x00000000d7e80000,0x00000000d8500000)
 ParOldGen       total 87552K, used 2970K [0x0000000081c00000, 0x0000000087180000, 0x00000000d5f00000)
  object space 87552K, 3% used [0x0000000081c00000,0x0000000081ee6b10,0x0000000087180000)
 Metaspace       used 9111K, capacity 9266K, committed 9344K, reserved 1056768K
  class space    used 1041K, capacity 1125K, committed 1152K, reserved 1048576K
}
Event: 14.138 GC heap before
{Heap before GC invocations=7 (full 0):
 PSYoungGen      total 38400K, used 34159K [0x00000000d5f00000, 0x00000000d8b80000, 0x0000000100000000)
  eden space 32256K, 98% used [0x00000000d5f00000,0x00000000d7de76b8,0x00000000d7e80000)
  from space 6144K, 40% used [0x00000000d8500000,0x00000000d8774598,0x00000000d8b00000)
  to   space 6656K, 0% used [0x00000000d7e80000,0x00000000d7e80000,0x00000000d8500000)
 ParOldGen       total 87552K, used 2970K [0x0000000081c00000, 0x0000000087180000, 0x00000000d5f00000)
  object space 87552K, 3% used [0x0000000081c00000,0x0000000081ee6b10,0x0000000087180000)
 Metaspace       used 9139K, capacity 9330K, committed 9600K, reserved 1058816K
  class space    used 1041K, capacity 1125K, committed 1152K, reserved 1048576K
Event: 14.140 GC heap after
Heap after GC invocations=7 (full 0):
 PSYoungGen      total 38400K, used 192K [0x00000000d5f00000, 0x00000000d8c00000, 0x0000000100000000)
  eden space 31744K, 0% used [0x00000000d5f00000,0x00000000d5f00000,0x00000000d7e00000)
  from space 6656K, 2% used [0x00000000d7e80000,0x00000000d7eb0000,0x00000000d8500000)
  to   space 7168K, 0% used [0x00000000d8500000,0x00000000d8500000,0x00000000d8c00000)
 ParOldGen       total 87552K, used 8086K [0x0000000081c00000, 0x0000000087180000, 0x00000000d5f00000)
  object space 87552K, 9% used [0x0000000081c00000,0x00000000823e5bf8,0x0000000087180000)
 Metaspace       used 9139K, capacity 9330K, committed 9600K, reserved 1058816K
  class space    used 1041K, capacity 1125K, committed 1152K, reserved 1048576K
}

