# JRE version: Java(TM) SE Runtime Environment (8.0_111-b14) (build 1.8.0_111-b14)
# Java VM: Java HotSpot(TM) 64-Bit Server VM (25.111-b14 mixed mode windows-amd64 compressed oops)
Heap:
 PSYoungGen      total 37376K, used 28442K [0x00000000d5f00000, 0x00000000d8a80000, 0x0000000100000000)
  eden space 31232K, 87% used [0x00000000d5f00000,0x00000000d79bd860,0x00000000d7d80000)
  from space 6144K, 17% used [0x00000000d8480000,0x00000000d8589010,0x00000000d8a80000)
  to   space 6656K, 0% used [0x00000000d7d80000,0x00000000d7d80000,0x00000000d8400000)
 ParOldGen       total 87552K, used 6753K [0x0000000081c00000, 0x0000000087180000, 0x00000000d5f00000)
  object space 87552K, 7% used [0x0000000081c00000,0x0000000082298680,0x0000000087180000)
 Metaspace       used 9158K, capacity 9330K, committed 9600K, reserved 1058816K
  class space    used 1042K, capacity 1125K, committed 1152K, reserved 1048576K
GC Heap History (10 events):
Event: 8.443 GC heap before
{Heap before GC invocations=4 (full 0):
 PSYoungGen      total 38400K, used 36454K [0x00000000d5f00000, 0x00000000d8980000, 0x0000000100000000)
  eden space 33280K, 99% used [0x00000000d5f00000,0x00000000d7f40438,0x00000000d7f80000)
  from space 5120K, 66% used [0x00000000d7f80000,0x00000000d82d9598,0x00000000d8480000)
  to   space 5120K, 0% used [0x00000000d8480000,0x00000000d8480000,0x00000000d8980000)
 ParOldGen       total 87552K, used 1605K [0x0000000081c00000, 0x0000000087180000, 0x00000000d5f00000)
  object space 87552K, 1% used [0x0000000081c00000,0x0000000081d91598,0x0000000087180000)
 Metaspace       used 9097K, capacity 9262K, committed 9344K, reserved 1056768K
  class space    used 1042K, capacity 1125K, committed 1152K, reserved 1048576K
Event: 8.444 GC heap after
Heap after GC invocations=4 (full 0):
 PSYoungGen      total 38400K, used 3445K [0x00000000d5f00000, 0x00000000d8980000, 0x0000000100000000)
  eden space 33280K, 0% used [0x00000000d5f00000,0x00000000d5f00000,0x00000000d7f80000)
  from space 5120K, 67% used [0x00000000d8480000,0x00000000d87dd5a8,0x00000000d8980000)
  to   space 5120K, 0% used [0x00000000d7f80000,0x00000000d7f80000,0x00000000d8480000)
 ParOldGen       total 87552K, used 1613K [0x0000000081c00000, 0x0000000087180000, 0x00000000d5f00000)
  object space 87552K, 1% used [0x0000000081c00000,0x0000000081d93598,0x0000000087180000)
 Metaspace       used 9097K, capacity 9262K, committed 9344K, reserved 1056768K
  class space    used 1042K, capacity 1125K, committed 1152K, reserved 1048576K
}
Event: 10.251 GC heap before
{Heap before GC invocations=5 (full 0):
 PSYoungGen      total 38400K, used 36697K [0x00000000d5f00000, 0x00000000d8980000, 0x0000000100000000)
  eden space 33280K, 99% used [0x00000000d5f00000,0x00000000d7f78e78,0x00000000d7f80000)
  from space 5120K, 67% used [0x00000000d8480000,0x00000000d87dd5a8,0x00000000d8980000)
  to   space 5120K, 0% used [0x00000000d7f80000,0x00000000d7f80000,0x00000000d8480000)
 ParOldGen       total 87552K, used 1613K [0x0000000081c00000, 0x0000000087180000, 0x00000000d5f00000)
  object space 87552K, 1% used [0x0000000081c00000,0x0000000081d93598,0x0000000087180000)
 Metaspace       used 9118K, capacity 9262K, committed 9344K, reserved 1056768K
  class space    used 1042K, capacity 1125K, committed 1152K, reserved 1048576K
Event: 10.252 GC heap after
Heap after GC invocations=5 (full 0):
 PSYoungGen      total 37888K, used 3477K [0x00000000d5f00000, 0x00000000d8b00000, 0x0000000100000000)
  eden space 32768K, 0% used [0x00000000d5f00000,0x00000000d5f00000,0x00000000d7f00000)
  from space 5120K, 67% used [0x00000000d7f80000,0x00000000d82e55a8,0x00000000d8480000)
  to   space 6144K, 0% used [0x00000000d8500000,0x00000000d8500000,0x00000000d8b00000)
 ParOldGen       total 87552K, used 1621K [0x0000000081c00000, 0x0000000087180000, 0x00000000d5f00000)
  object space 87552K, 1% used [0x0000000081c00000,0x0000000081d95598,0x0000000087180000)
 Metaspace       used 9118K, capacity 9262K, committed 9344K, reserved 1056768K
  class space    used 1042K, capacity 1125K, committed 1152K, reserved 1048576K
}
Event: 12.059 GC heap before
{Heap before GC invocations=6 (full 0):
 PSYoungGen      total 37888K, used 35607K [0x00000000d5f00000, 0x00000000d8b00000, 0x0000000100000000)
  eden space 32768K, 98% used [0x00000000d5f00000,0x00000000d7e60a10,0x00000000d7f00000)
  from space 5120K, 67% used [0x00000000d7f80000,0x00000000d82e55a8,0x00000000d8480000)
  to   space 6144K, 0% used [0x00000000d8500000,0x00000000d8500000,0x00000000d8b00000)
 ParOldGen       total 87552K, used 1621K [0x0000000081c00000, 0x0000000087180000, 0x00000000d5f00000)
  object space 87552K, 1% used [0x0000000081c00000,0x0000000081d95598,0x0000000087180000)
 Metaspace       used 9119K, capacity 9262K, committed 9344K, reserved 1056768K
  class space    used 1042K, capacity 1125K, committed 1152K, reserved 1048576K
Event: 12.060 GC heap after
Heap after GC invocations=6 (full 0):
 PSYoungGen      total 37888K, used 2529K [0x00000000d5f00000, 0x00000000d8a80000, 0x0000000100000000)
  eden space 32256K, 0% used [0x00000000d5f00000,0x00000000d5f00000,0x00000000d7e80000)
  from space 5632K, 44% used [0x00000000d8500000,0x00000000d8778588,0x00000000d8a80000)
  to   space 6144K, 0% used [0x00000000d7e80000,0x00000000d7e80000,0x00000000d8480000)
 ParOldGen       total 87552K, used 1629K [0x0000000081c00000, 0x0000000087180000, 0x00000000d5f00000)
  object space 87552K, 1% used [0x0000000081c00000,0x0000000081d97598,0x0000000087180000)
 Metaspace       used 9119K, capacity 9262K, committed 9344K, reserved 1056768K
  class space    used 1042K, capacity 1125K, committed 1152K, reserved 1048576K
}
Event: 13.769 GC heap before
{Heap before GC invocations=7 (full 0):
 PSYoungGen      total 37888K, used 34654K [0x00000000d5f00000, 0x00000000d8a80000, 0x0000000100000000)
  eden space 32256K, 99% used [0x00000000d5f00000,0x00000000d7e5f520,0x00000000d7e80000)
  from space 5632K, 44% used [0x00000000d8500000,0x00000000d8778588,0x00000000d8a80000)
  to   space 6144K, 0% used [0x00000000d7e80000,0x00000000d7e80000,0x00000000d8480000)
 ParOldGen       total 87552K, used 1629K [0x0000000081c00000, 0x0000000087180000, 0x00000000d5f00000)
  object space 87552K, 1% used [0x0000000081c00000,0x0000000081d97598,0x0000000087180000)
 Metaspace       used 9120K, capacity 9262K, committed 9344K, reserved 1056768K
  class space    used 1042K, capacity 1125K, committed 1152K, reserved 1048576K
Event: 13.771 GC heap after
Heap after GC invocations=7 (full 0):
 PSYoungGen      total 37888K, used 1060K [0x00000000d5f00000, 0x00000000d8b00000, 0x0000000100000000)
  eden space 31744K, 0% used [0x00000000d5f00000,0x00000000d5f00000,0x00000000d7e00000)
  from space 6144K, 17% used [0x00000000d7e80000,0x00000000d7f89010,0x00000000d8480000)
  to   space 6656K, 0% used [0x00000000d8480000,0x00000000d8480000,0x00000000d8b00000)
 ParOldGen       total 87552K, used 6737K [0x0000000081c00000, 0x0000000087180000, 0x00000000d5f00000)
  object space 87552K, 7% used [0x0000000081c00000,0x0000000082294680,0x0000000087180000)
 Metaspace       used 9120K, capacity 9262K, committed 9344K, reserved 1056768K
  class space    used 1042K, capacity 1125K, committed 1152K, reserved 1048576K
}
Event: 15.482 GC heap before
{Heap before GC invocations=8 (full 0):
 PSYoungGen      total 37888K, used 32412K [0x00000000d5f00000, 0x00000000d8b00000, 0x0000000100000000)
  eden space 31744K, 98% used [0x00000000d5f00000,0x00000000d7d9e1a0,0x00000000d7e00000)
  from space 6144K, 17% used [0x00000000d7e80000,0x00000000d7f89010,0x00000000d8480000)
  to   space 6656K, 0% used [0x00000000d8480000,0x00000000d8480000,0x00000000d8b00000)
 ParOldGen       total 87552K, used 6737K [0x0000000081c00000, 0x0000000087180000, 0x00000000d5f00000)
  object space 87552K, 7% used [0x0000000081c00000,0x0000000082294680,0x0000000087180000)
 Metaspace       used 9126K, capacity 9262K, committed 9344K, reserved 1056768K
  class space    used 1042K, capacity 1125K, committed 1152K, reserved 1048576K
Event: 15.484 GC heap after
Heap after GC invocations=8 (full 0):
 PSYoungGen      total 37376K, used 1060K [0x00000000d5f00000, 0x00000000d8a80000, 0x0000000100000000)
  eden space 31232K, 0% used [0x00000000d5f00000,0x00000000d5f00000,0x00000000d7d80000)
  from space 6144K, 17% used [0x00000000d8480000,0x00000000d8589010,0x00000000d8a80000)
  to   space 6656K, 0% used [0x00000000d7d80000,0x00000000d7d80000,0x00000000d8400000)
 ParOldGen       total 87552K, used 6753K [0x0000000081c00000, 0x0000000087180000, 0x00000000d5f00000)
  object space 87552K, 7% used [0x0000000081c00000,0x0000000082298680,0x0000000087180000)
 Metaspace       used 9126K, capacity 9262K, committed 9344K, reserved 1056768K
  class space    used 1042K, capacity 1125K, committed 1152K, reserved 1048576K
}

